[2020-09-05T09:33:16.265] [DEBUG] cheese - login => username:zs,password:123456
[2020-09-05T09:33:16.267] [DEBUG] cheese - zs
[2020-09-05T09:33:16.317] [DEBUG] cheese - null
[2020-09-05T09:33:16.317] [DEBUG] cheese - null
[2020-09-05T09:33:49.275] [DEBUG] cheese - login => username:admin,password:123456
[2020-09-05T09:33:49.275] [DEBUG] cheese - admin
[2020-09-05T09:33:49.284] [DEBUG] cheese - null
[2020-09-05T09:33:49.284] [DEBUG] cheese - null
[2020-09-19T08:34:49.309] [DEBUG] cheese - login => username:zsl,password:123456
[2020-09-19T08:34:49.310] [DEBUG] cheese - zsl
[2020-09-19T08:34:49.395] [DEBUG] cheese - null
[2020-09-19T08:34:49.395] [DEBUG] cheese - null
[2020-09-19T08:37:38.327] [DEBUG] cheese - login => username:zsl,password:123456
[2020-09-19T08:37:38.327] [DEBUG] cheese - zsl
[2020-09-19T08:37:38.330] [DEBUG] cheese - null
[2020-09-19T08:37:38.330] [DEBUG] cheese - null
[2020-09-19T08:41:42.800] [DEBUG] cheese - login => username:zsl,password:1234556
[2020-09-19T08:41:42.801] [DEBUG] cheese - zsl
[2020-09-19T08:41:42.803] [DEBUG] cheese - null
[2020-09-19T08:41:42.803] [DEBUG] cheese - null
[2020-09-19T08:45:52.609] [DEBUG] cheese - login => username:szl,password:123456
[2020-09-19T08:45:52.609] [DEBUG] cheese - szl
[2020-09-19T08:45:52.610] [DEBUG] cheese - null
[2020-09-19T08:45:52.611] [DEBUG] cheese - null
[2020-09-19T08:46:01.648] [DEBUG] cheese - login => username:szl,password:12345678
[2020-09-19T08:46:01.649] [DEBUG] cheese - szl
[2020-09-19T08:46:01.651] [DEBUG] cheese - null
[2020-09-19T08:46:01.651] [DEBUG] cheese - null
[2020-09-19T08:46:31.872] [DEBUG] cheese - login => username:asl,password:123456
[2020-09-19T08:46:31.872] [DEBUG] cheese - asl
[2020-09-19T08:46:31.874] [DEBUG] cheese - null
[2020-09-19T08:46:31.874] [DEBUG] cheese - null
[2020-09-19T08:47:03.218] [DEBUG] cheese - login => username:admin,password:123456
[2020-09-19T08:47:03.218] [DEBUG] cheese - admin
[2020-09-19T08:47:03.223] [DEBUG] cheese - null
[2020-09-19T08:47:03.223] [DEBUG] cheese - null
[2020-09-19T09:03:20.272] [DEBUG] cheese - login => username:admin,password:1234567
[2020-09-19T09:03:20.272] [DEBUG] cheese - admin
[2020-09-19T09:03:20.274] [DEBUG] cheese - null
[2020-09-19T09:03:20.275] [DEBUG] cheese - null
[2020-09-19T09:04:08.399] [DEBUG] cheese - login => username:admin,password:123456
[2020-09-19T09:04:08.399] [DEBUG] cheese - admin
[2020-09-19T09:04:08.402] [DEBUG] cheese - null
[2020-09-19T09:04:08.402] [DEBUG] cheese - null
[2020-09-19T09:06:09.526] [DEBUG] cheese - login => username:admin,password:123456
[2020-09-19T09:06:09.526] [DEBUG] cheese - admin
[2020-09-19T09:06:09.531] [DEBUG] cheese - null
[2020-09-19T09:06:09.531] [DEBUG] cheese - null
[2020-09-19T09:06:16.302] [DEBUG] cheese - login => username:asl,password:123456
[2020-09-19T09:06:16.302] [DEBUG] cheese - asl
[2020-09-19T09:06:16.304] [DEBUG] cheese - null
[2020-09-19T09:06:16.305] [DEBUG] cheese - null
[2020-09-19T09:33:08.787] [DEBUG] cheese - login => username:admin,password:123456
[2020-09-19T09:33:08.787] [DEBUG] cheese - admin
[2020-09-19T09:33:08.789] [DEBUG] cheese - null
[2020-09-19T09:33:08.790] [DEBUG] cheese - null
[2020-09-19T09:38:56.681] [DEBUG] cheese - login => username:admin,password:123456
[2020-09-19T09:38:56.681] [DEBUG] cheese - admin
[2020-09-19T09:38:56.683] [DEBUG] cheese - null
[2020-09-19T09:38:56.683] [DEBUG] cheese - null
[2020-09-20T11:46:38.289] [DEBUG] cheese - login => username:admin,password:123456
[2020-09-20T11:46:38.290] [DEBUG] cheese - admin
[2020-09-20T11:46:38.335] [DEBUG] cheese - null
[2020-09-20T11:46:38.336] [DEBUG] cheese - null
[2020-09-22T14:02:01.478] [DEBUG] cheese - login => username:admin,password:123456
[2020-09-22T14:02:01.479] [DEBUG] cheese - admin
[2020-09-22T14:02:01.549] [DEBUG] cheese - null
[2020-09-22T14:02:01.549] [DEBUG] cheese - null
[2020-09-22T14:13:45.038] [DEBUG] cheese - login => username:admin,password:123456
[2020-09-22T14:13:45.038] [DEBUG] cheese - admin
[2020-09-22T14:13:45.047] [DEBUG] cheese - null
[2020-09-22T14:13:45.047] [DEBUG] cheese - null
